{
  "stats": {
    "suites": 9,
    "tests": 20,
    "passes": 20,
    "pending": 0,
    "failures": 0,
    "start": "2017-01-19T18:21:52.566Z",
    "end": "2017-01-19T18:24:27.264Z",
    "duration": 154698,
    "testsRegistered": 20,
    "passPercent": 100,
    "pendingPercent": 0,
    "other": 0,
    "hasOther": false,
    "skipped": 0,
    "hasSkipped": false,
    "passPercentClass": "success",
    "pendingPercentClass": "danger"
  },
  "suites": {
    "title": "",
    "suites": [
      {
        "title": "Instant meeting without Skype:",
        "suites": [
          {
            "title": "Verify Instant Meeting is created successfully",
            "suites": [],
            "tests": [
              {
                "title": "Should verify that currentMeeting in room exists",
                "fullTitle": "Instant meeting without Skype: Verify Instant Meeting is created successfully Should verify that currentMeeting in room exists",
                "timedOut": false,
                "duration": 0,
                "state": "passed",
                "speed": "fast",
                "pass": true,
                "fail": false,
                "pending": false,
                "code": "expect(roomState.currentMeeting).to.exist",
                "err": {},
                "isRoot": false,
                "uuid": "82093a1b-1f4c-40e5-924a-2cdd843cfdcf",
                "parentUUID": "0ccd41ca-bbbe-429c-8720-daf4dac0605a",
                "skipped": false
              },
              {
                "title": "Should verify that meetingUrl in room exists",
                "fullTitle": "Instant meeting without Skype: Verify Instant Meeting is created successfully Should verify that meetingUrl in room exists",
                "timedOut": false,
                "duration": 0,
                "state": "passed",
                "speed": "fast",
                "pass": true,
                "fail": false,
                "pending": false,
                "code": "expect(roomState.meetingUrl).to.exist",
                "err": {},
                "isRoot": false,
                "uuid": "c67dc9f6-5bf6-44eb-9014-2219fd5e7e61",
                "parentUUID": "0ccd41ca-bbbe-429c-8720-daf4dac0605a",
                "skipped": false
              },
              {
                "title": "Should verify that inSkype property of room is set to false",
                "fullTitle": "Instant meeting without Skype: Verify Instant Meeting is created successfully Should verify that inSkype property of room is set to false",
                "timedOut": false,
                "duration": 0,
                "state": "passed",
                "speed": "fast",
                "pass": true,
                "fail": false,
                "pending": false,
                "code": "expect(roomState.inSkype).to.be.false",
                "err": {},
                "isRoot": false,
                "uuid": "93aaa49e-a0cb-4267-a594-abf3c40ec7ac",
                "parentUUID": "0ccd41ca-bbbe-429c-8720-daf4dac0605a",
                "skipped": false
              },
              {
                "title": "Should verify that the meeting subject is set to Instant Meeting",
                "fullTitle": "Instant meeting without Skype: Verify Instant Meeting is created successfully Should verify that the meeting subject is set to Instant Meeting",
                "timedOut": false,
                "duration": 0,
                "state": "passed",
                "speed": "fast",
                "pass": true,
                "fail": false,
                "pending": false,
                "code": "expect(roomState.subject).to.equal('Instant Meeting')",
                "err": {},
                "isRoot": false,
                "uuid": "f59c77a7-ed58-4102-ab03-3361f6bd05d6",
                "parentUUID": "0ccd41ca-bbbe-429c-8720-daf4dac0605a",
                "skipped": false
              },
              {
                "title": "Should verify that light color changes to red",
                "fullTitle": "Instant meeting without Skype: Verify Instant Meeting is created successfully Should verify that light color changes to red",
                "timedOut": false,
                "duration": 0,
                "state": "passed",
                "speed": "fast",
                "pass": true,
                "fail": false,
                "pending": false,
                "code": "expect(actualColor).to.equal('Red')",
                "err": {},
                "isRoot": false,
                "uuid": "68ed9f56-025f-4413-9936-8db8fa0c9996",
                "parentUUID": "0ccd41ca-bbbe-429c-8720-daf4dac0605a",
                "skipped": false
              }
            ],
            "pending": [],
            "root": false,
            "_timeout": 70000,
            "file": "/test/Test-Instant-Meeting-Without-Skype.js",
            "uuid": "0ccd41ca-bbbe-429c-8720-daf4dac0605a",
            "fullFile": "/Users/octoblu/Projects/Octoblu/test-smart-spaces/test/Test-Instant-Meeting-Without-Skype.js",
            "passes": [
              {
                "title": "Should verify that currentMeeting in room exists",
                "fullTitle": "Instant meeting without Skype: Verify Instant Meeting is created successfully Should verify that currentMeeting in room exists",
                "timedOut": false,
                "duration": 0,
                "state": "passed",
                "speed": "fast",
                "pass": true,
                "fail": false,
                "pending": false,
                "code": "expect(roomState.currentMeeting).to.exist",
                "err": {},
                "isRoot": false,
                "uuid": "82093a1b-1f4c-40e5-924a-2cdd843cfdcf",
                "parentUUID": "0ccd41ca-bbbe-429c-8720-daf4dac0605a",
                "skipped": false
              },
              {
                "title": "Should verify that meetingUrl in room exists",
                "fullTitle": "Instant meeting without Skype: Verify Instant Meeting is created successfully Should verify that meetingUrl in room exists",
                "timedOut": false,
                "duration": 0,
                "state": "passed",
                "speed": "fast",
                "pass": true,
                "fail": false,
                "pending": false,
                "code": "expect(roomState.meetingUrl).to.exist",
                "err": {},
                "isRoot": false,
                "uuid": "c67dc9f6-5bf6-44eb-9014-2219fd5e7e61",
                "parentUUID": "0ccd41ca-bbbe-429c-8720-daf4dac0605a",
                "skipped": false
              },
              {
                "title": "Should verify that inSkype property of room is set to false",
                "fullTitle": "Instant meeting without Skype: Verify Instant Meeting is created successfully Should verify that inSkype property of room is set to false",
                "timedOut": false,
                "duration": 0,
                "state": "passed",
                "speed": "fast",
                "pass": true,
                "fail": false,
                "pending": false,
                "code": "expect(roomState.inSkype).to.be.false",
                "err": {},
                "isRoot": false,
                "uuid": "93aaa49e-a0cb-4267-a594-abf3c40ec7ac",
                "parentUUID": "0ccd41ca-bbbe-429c-8720-daf4dac0605a",
                "skipped": false
              },
              {
                "title": "Should verify that the meeting subject is set to Instant Meeting",
                "fullTitle": "Instant meeting without Skype: Verify Instant Meeting is created successfully Should verify that the meeting subject is set to Instant Meeting",
                "timedOut": false,
                "duration": 0,
                "state": "passed",
                "speed": "fast",
                "pass": true,
                "fail": false,
                "pending": false,
                "code": "expect(roomState.subject).to.equal('Instant Meeting')",
                "err": {},
                "isRoot": false,
                "uuid": "f59c77a7-ed58-4102-ab03-3361f6bd05d6",
                "parentUUID": "0ccd41ca-bbbe-429c-8720-daf4dac0605a",
                "skipped": false
              },
              {
                "title": "Should verify that light color changes to red",
                "fullTitle": "Instant meeting without Skype: Verify Instant Meeting is created successfully Should verify that light color changes to red",
                "timedOut": false,
                "duration": 0,
                "state": "passed",
                "speed": "fast",
                "pass": true,
                "fail": false,
                "pending": false,
                "code": "expect(actualColor).to.equal('Red')",
                "err": {},
                "isRoot": false,
                "uuid": "68ed9f56-025f-4413-9936-8db8fa0c9996",
                "parentUUID": "0ccd41ca-bbbe-429c-8720-daf4dac0605a",
                "skipped": false
              }
            ],
            "failures": [],
            "skipped": [],
            "hasTests": true,
            "hasSuites": false,
            "totalTests": 5,
            "totalPasses": 5,
            "totalFailures": 0,
            "totalPending": 0,
            "totalSkipped": 0,
            "hasPasses": true,
            "hasFailures": false,
            "hasPending": false,
            "hasSkipped": false,
            "duration": 0
          },
          {
            "title": "Verify that Meeting is Ending successfully",
            "suites": [],
            "tests": [
              {
                "title": "Should verify that currentMeeting in room does not exists",
                "fullTitle": "Instant meeting without Skype: Verify that Meeting is Ending successfully Should verify that currentMeeting in room does not exists",
                "timedOut": false,
                "duration": 0,
                "state": "passed",
                "speed": "fast",
                "pass": true,
                "fail": false,
                "pending": false,
                "code": "expect(roomState.currentMeeting).to.not.exist",
                "err": {},
                "isRoot": false,
                "uuid": "a01d7470-ffd6-40ad-bae6-c4abe94febe5",
                "parentUUID": "5d3aff8c-8f8d-4242-a968-91c2011e7bfc",
                "skipped": false
              },
              {
                "title": "Should verify that meetingUrl in room does not exists",
                "fullTitle": "Instant meeting without Skype: Verify that Meeting is Ending successfully Should verify that meetingUrl in room does not exists",
                "timedOut": false,
                "duration": 0,
                "state": "passed",
                "speed": "fast",
                "pass": true,
                "fail": false,
                "pending": false,
                "code": "expect(roomState.meetingUrl).to.not.exist",
                "err": {},
                "isRoot": false,
                "uuid": "c8a5e631-ad4e-4237-bef3-1441d63af171",
                "parentUUID": "5d3aff8c-8f8d-4242-a968-91c2011e7bfc",
                "skipped": false
              },
              {
                "title": "Should that inSkype property of room is set to false",
                "fullTitle": "Instant meeting without Skype: Verify that Meeting is Ending successfully Should that inSkype property of room is set to false",
                "timedOut": false,
                "duration": 0,
                "state": "passed",
                "speed": "fast",
                "pass": true,
                "fail": false,
                "pending": false,
                "code": "expect(roomState.inSkype).to.be.false",
                "err": {},
                "isRoot": false,
                "uuid": "8b4da444-9921-4709-8656-ad3a8f675b84",
                "parentUUID": "5d3aff8c-8f8d-4242-a968-91c2011e7bfc",
                "skipped": false
              }
            ],
            "pending": [],
            "root": false,
            "_timeout": 70000,
            "file": "/test/Test-Instant-Meeting-Without-Skype.js",
            "uuid": "5d3aff8c-8f8d-4242-a968-91c2011e7bfc",
            "fullFile": "/Users/octoblu/Projects/Octoblu/test-smart-spaces/test/Test-Instant-Meeting-Without-Skype.js",
            "passes": [
              {
                "title": "Should verify that currentMeeting in room does not exists",
                "fullTitle": "Instant meeting without Skype: Verify that Meeting is Ending successfully Should verify that currentMeeting in room does not exists",
                "timedOut": false,
                "duration": 0,
                "state": "passed",
                "speed": "fast",
                "pass": true,
                "fail": false,
                "pending": false,
                "code": "expect(roomState.currentMeeting).to.not.exist",
                "err": {},
                "isRoot": false,
                "uuid": "a01d7470-ffd6-40ad-bae6-c4abe94febe5",
                "parentUUID": "5d3aff8c-8f8d-4242-a968-91c2011e7bfc",
                "skipped": false
              },
              {
                "title": "Should verify that meetingUrl in room does not exists",
                "fullTitle": "Instant meeting without Skype: Verify that Meeting is Ending successfully Should verify that meetingUrl in room does not exists",
                "timedOut": false,
                "duration": 0,
                "state": "passed",
                "speed": "fast",
                "pass": true,
                "fail": false,
                "pending": false,
                "code": "expect(roomState.meetingUrl).to.not.exist",
                "err": {},
                "isRoot": false,
                "uuid": "c8a5e631-ad4e-4237-bef3-1441d63af171",
                "parentUUID": "5d3aff8c-8f8d-4242-a968-91c2011e7bfc",
                "skipped": false
              },
              {
                "title": "Should that inSkype property of room is set to false",
                "fullTitle": "Instant meeting without Skype: Verify that Meeting is Ending successfully Should that inSkype property of room is set to false",
                "timedOut": false,
                "duration": 0,
                "state": "passed",
                "speed": "fast",
                "pass": true,
                "fail": false,
                "pending": false,
                "code": "expect(roomState.inSkype).to.be.false",
                "err": {},
                "isRoot": false,
                "uuid": "8b4da444-9921-4709-8656-ad3a8f675b84",
                "parentUUID": "5d3aff8c-8f8d-4242-a968-91c2011e7bfc",
                "skipped": false
              }
            ],
            "failures": [],
            "skipped": [],
            "hasTests": true,
            "hasSuites": false,
            "totalTests": 3,
            "totalPasses": 3,
            "totalFailures": 0,
            "totalPending": 0,
            "totalSkipped": 0,
            "hasPasses": true,
            "hasFailures": false,
            "hasPending": false,
            "hasSkipped": false,
            "duration": 0
          }
        ],
        "tests": [],
        "pending": [],
        "root": false,
        "_timeout": 70000,
        "file": "/test/Test-Instant-Meeting-Without-Skype.js",
        "uuid": "cfcefe1e-6fa4-4c1a-bb77-2e0a64f5c0fc",
        "fullFile": "/Users/octoblu/Projects/Octoblu/test-smart-spaces/test/Test-Instant-Meeting-Without-Skype.js",
        "passes": [],
        "failures": [],
        "skipped": [],
        "hasTests": false,
        "hasSuites": true,
        "totalTests": 0,
        "totalPasses": 0,
        "totalFailures": 0,
        "totalPending": 0,
        "totalSkipped": 0,
        "hasPasses": false,
        "hasFailures": false,
        "hasPending": false,
        "hasSkipped": false,
        "duration": 0
      },
      {
        "title": "Instant meeting with Skype:",
        "suites": [
          {
            "title": "Verify Instant Meeting is created successfully",
            "suites": [],
            "tests": [
              {
                "title": "Should verify that currentMeeting in room exists",
                "fullTitle": "Instant meeting with Skype: Verify Instant Meeting is created successfully Should verify that currentMeeting in room exists",
                "timedOut": false,
                "duration": 1,
                "state": "passed",
                "speed": "slow",
                "pass": true,
                "fail": false,
                "pending": false,
                "code": "expect(roomState.currentMeeting).to.exist",
                "err": {},
                "isRoot": false,
                "uuid": "cb354ba6-52b7-44d1-b28c-35d2bbc9d698",
                "parentUUID": "dcf3b312-17c8-43b4-83e2-5848f481c283",
                "skipped": false
              },
              {
                "title": "Should verify that meetingUrl in room exists",
                "fullTitle": "Instant meeting with Skype: Verify Instant Meeting is created successfully Should verify that meetingUrl in room exists",
                "timedOut": false,
                "duration": 0,
                "state": "passed",
                "speed": "fast",
                "pass": true,
                "fail": false,
                "pending": false,
                "code": "expect(roomState.meetingUrl).to.exist",
                "err": {},
                "isRoot": false,
                "uuid": "c8f70f14-1cb7-402e-bedb-55d58567150b",
                "parentUUID": "dcf3b312-17c8-43b4-83e2-5848f481c283",
                "skipped": false
              },
              {
                "title": "Should verify that inSkype property of room is set to false",
                "fullTitle": "Instant meeting with Skype: Verify Instant Meeting is created successfully Should verify that inSkype property of room is set to false",
                "timedOut": false,
                "duration": 0,
                "state": "passed",
                "speed": "fast",
                "pass": true,
                "fail": false,
                "pending": false,
                "code": "expect(roomState.inSkype).to.be.false",
                "err": {},
                "isRoot": false,
                "uuid": "25083ab6-ec2b-40d7-8c62-d2244fb74275",
                "parentUUID": "dcf3b312-17c8-43b4-83e2-5848f481c283",
                "skipped": false
              },
              {
                "title": "Should verify that the meeting subject is set to Instant Meeting",
                "fullTitle": "Instant meeting with Skype: Verify Instant Meeting is created successfully Should verify that the meeting subject is set to Instant Meeting",
                "timedOut": false,
                "duration": 0,
                "state": "passed",
                "speed": "fast",
                "pass": true,
                "fail": false,
                "pending": false,
                "code": "expect(roomState.subject).to.equal('Instant Meeting')",
                "err": {},
                "isRoot": false,
                "uuid": "1949a300-848f-47b8-9861-e1aa59da69f9",
                "parentUUID": "dcf3b312-17c8-43b4-83e2-5848f481c283",
                "skipped": false
              },
              {
                "title": "Should verify that light color changes to red",
                "fullTitle": "Instant meeting with Skype: Verify Instant Meeting is created successfully Should verify that light color changes to red",
                "timedOut": false,
                "duration": 0,
                "state": "passed",
                "speed": "fast",
                "pass": true,
                "fail": false,
                "pending": false,
                "code": "expect(actualColor).to.equal('Red')",
                "err": {},
                "isRoot": false,
                "uuid": "f581623d-d09e-46d4-b663-9760fb36f0b2",
                "parentUUID": "dcf3b312-17c8-43b4-83e2-5848f481c283",
                "skipped": false
              }
            ],
            "pending": [],
            "root": false,
            "_timeout": 70000,
            "file": "/test/Test-Instant-Meeting.js",
            "uuid": "dcf3b312-17c8-43b4-83e2-5848f481c283",
            "fullFile": "/Users/octoblu/Projects/Octoblu/test-smart-spaces/test/Test-Instant-Meeting.js",
            "passes": [
              {
                "title": "Should verify that currentMeeting in room exists",
                "fullTitle": "Instant meeting with Skype: Verify Instant Meeting is created successfully Should verify that currentMeeting in room exists",
                "timedOut": false,
                "duration": 1,
                "state": "passed",
                "speed": "slow",
                "pass": true,
                "fail": false,
                "pending": false,
                "code": "expect(roomState.currentMeeting).to.exist",
                "err": {},
                "isRoot": false,
                "uuid": "cb354ba6-52b7-44d1-b28c-35d2bbc9d698",
                "parentUUID": "dcf3b312-17c8-43b4-83e2-5848f481c283",
                "skipped": false
              },
              {
                "title": "Should verify that meetingUrl in room exists",
                "fullTitle": "Instant meeting with Skype: Verify Instant Meeting is created successfully Should verify that meetingUrl in room exists",
                "timedOut": false,
                "duration": 0,
                "state": "passed",
                "speed": "fast",
                "pass": true,
                "fail": false,
                "pending": false,
                "code": "expect(roomState.meetingUrl).to.exist",
                "err": {},
                "isRoot": false,
                "uuid": "c8f70f14-1cb7-402e-bedb-55d58567150b",
                "parentUUID": "dcf3b312-17c8-43b4-83e2-5848f481c283",
                "skipped": false
              },
              {
                "title": "Should verify that inSkype property of room is set to false",
                "fullTitle": "Instant meeting with Skype: Verify Instant Meeting is created successfully Should verify that inSkype property of room is set to false",
                "timedOut": false,
                "duration": 0,
                "state": "passed",
                "speed": "fast",
                "pass": true,
                "fail": false,
                "pending": false,
                "code": "expect(roomState.inSkype).to.be.false",
                "err": {},
                "isRoot": false,
                "uuid": "25083ab6-ec2b-40d7-8c62-d2244fb74275",
                "parentUUID": "dcf3b312-17c8-43b4-83e2-5848f481c283",
                "skipped": false
              },
              {
                "title": "Should verify that the meeting subject is set to Instant Meeting",
                "fullTitle": "Instant meeting with Skype: Verify Instant Meeting is created successfully Should verify that the meeting subject is set to Instant Meeting",
                "timedOut": false,
                "duration": 0,
                "state": "passed",
                "speed": "fast",
                "pass": true,
                "fail": false,
                "pending": false,
                "code": "expect(roomState.subject).to.equal('Instant Meeting')",
                "err": {},
                "isRoot": false,
                "uuid": "1949a300-848f-47b8-9861-e1aa59da69f9",
                "parentUUID": "dcf3b312-17c8-43b4-83e2-5848f481c283",
                "skipped": false
              },
              {
                "title": "Should verify that light color changes to red",
                "fullTitle": "Instant meeting with Skype: Verify Instant Meeting is created successfully Should verify that light color changes to red",
                "timedOut": false,
                "duration": 0,
                "state": "passed",
                "speed": "fast",
                "pass": true,
                "fail": false,
                "pending": false,
                "code": "expect(actualColor).to.equal('Red')",
                "err": {},
                "isRoot": false,
                "uuid": "f581623d-d09e-46d4-b663-9760fb36f0b2",
                "parentUUID": "dcf3b312-17c8-43b4-83e2-5848f481c283",
                "skipped": false
              }
            ],
            "failures": [],
            "skipped": [],
            "hasTests": true,
            "hasSuites": false,
            "totalTests": 5,
            "totalPasses": 5,
            "totalFailures": 0,
            "totalPending": 0,
            "totalSkipped": 0,
            "hasPasses": true,
            "hasFailures": false,
            "hasPending": false,
            "hasSkipped": false,
            "duration": 1
          },
          {
            "title": "Verify Skype functionality:",
            "suites": [
              {
                "title": "Verify that Skype starts successfully",
                "suites": [],
                "tests": [
                  {
                    "title": "Should verify that inSkype property of room is set to true",
                    "fullTitle": "Verify Skype functionality: Verify that Skype starts successfully Should verify that inSkype property of room is set to true",
                    "timedOut": false,
                    "duration": 0,
                    "state": "passed",
                    "speed": "fast",
                    "pass": true,
                    "fail": false,
                    "pending": false,
                    "code": "expect(skypeRoomState).to.be.true",
                    "err": {},
                    "isRoot": false,
                    "uuid": "1229b775-edcb-4c4f-a698-7a4dfb35c79f",
                    "parentUUID": "b4b4a611-8c2c-4194-b958-8ed1a3008943",
                    "skipped": false
                  },
                  {
                    "title": "Should verify that audio is enabled",
                    "fullTitle": "Verify Skype functionality: Verify that Skype starts successfully Should verify that audio is enabled",
                    "timedOut": false,
                    "duration": 0,
                    "state": "passed",
                    "speed": "fast",
                    "pass": true,
                    "fail": false,
                    "pending": false,
                    "code": "expect(actualAVState.audio).to.be.true",
                    "err": {},
                    "isRoot": false,
                    "uuid": "343054a3-de2a-4201-8cd0-74eb70e97e89",
                    "parentUUID": "b4b4a611-8c2c-4194-b958-8ed1a3008943",
                    "skipped": false
                  },
                  {
                    "title": "Should verify that video is enabled",
                    "fullTitle": "Verify Skype functionality: Verify that Skype starts successfully Should verify that video is enabled",
                    "timedOut": false,
                    "duration": 0,
                    "state": "passed",
                    "speed": "fast",
                    "pass": true,
                    "fail": false,
                    "pending": false,
                    "code": "expect(actualAVState.video).to.be.true",
                    "err": {},
                    "isRoot": false,
                    "uuid": "cbd75750-03c3-413e-a1f2-c51842186166",
                    "parentUUID": "b4b4a611-8c2c-4194-b958-8ed1a3008943",
                    "skipped": false
                  }
                ],
                "pending": [],
                "root": false,
                "_timeout": 70000,
                "file": "/test/Test-Instant-Meeting.js",
                "uuid": "b4b4a611-8c2c-4194-b958-8ed1a3008943",
                "fullFile": "/Users/octoblu/Projects/Octoblu/test-smart-spaces/test/Test-Instant-Meeting.js",
                "passes": [
                  {
                    "title": "Should verify that inSkype property of room is set to true",
                    "fullTitle": "Verify Skype functionality: Verify that Skype starts successfully Should verify that inSkype property of room is set to true",
                    "timedOut": false,
                    "duration": 0,
                    "state": "passed",
                    "speed": "fast",
                    "pass": true,
                    "fail": false,
                    "pending": false,
                    "code": "expect(skypeRoomState).to.be.true",
                    "err": {},
                    "isRoot": false,
                    "uuid": "1229b775-edcb-4c4f-a698-7a4dfb35c79f",
                    "parentUUID": "b4b4a611-8c2c-4194-b958-8ed1a3008943",
                    "skipped": false
                  },
                  {
                    "title": "Should verify that audio is enabled",
                    "fullTitle": "Verify Skype functionality: Verify that Skype starts successfully Should verify that audio is enabled",
                    "timedOut": false,
                    "duration": 0,
                    "state": "passed",
                    "speed": "fast",
                    "pass": true,
                    "fail": false,
                    "pending": false,
                    "code": "expect(actualAVState.audio).to.be.true",
                    "err": {},
                    "isRoot": false,
                    "uuid": "343054a3-de2a-4201-8cd0-74eb70e97e89",
                    "parentUUID": "b4b4a611-8c2c-4194-b958-8ed1a3008943",
                    "skipped": false
                  },
                  {
                    "title": "Should verify that video is enabled",
                    "fullTitle": "Verify Skype functionality: Verify that Skype starts successfully Should verify that video is enabled",
                    "timedOut": false,
                    "duration": 0,
                    "state": "passed",
                    "speed": "fast",
                    "pass": true,
                    "fail": false,
                    "pending": false,
                    "code": "expect(actualAVState.video).to.be.true",
                    "err": {},
                    "isRoot": false,
                    "uuid": "cbd75750-03c3-413e-a1f2-c51842186166",
                    "parentUUID": "b4b4a611-8c2c-4194-b958-8ed1a3008943",
                    "skipped": false
                  }
                ],
                "failures": [],
                "skipped": [],
                "hasTests": true,
                "hasSuites": false,
                "totalTests": 3,
                "totalPasses": 3,
                "totalFailures": 0,
                "totalPending": 0,
                "totalSkipped": 0,
                "hasPasses": true,
                "hasFailures": false,
                "hasPending": false,
                "hasSkipped": false,
                "duration": 0
              },
              {
                "title": "Verify that Skype is Ending successfully",
                "suites": [],
                "tests": [
                  {
                    "title": "Should verify inSkype is false",
                    "fullTitle": "Verify Skype functionality: Verify that Skype is Ending successfully Should verify inSkype is false",
                    "timedOut": false,
                    "duration": 0,
                    "state": "passed",
                    "speed": "fast",
                    "pass": true,
                    "fail": false,
                    "pending": false,
                    "code": "expect(skypeRoomState).to.be.false",
                    "err": {},
                    "isRoot": false,
                    "uuid": "89451e41-d854-451f-b5cc-a4ce178bb9e7",
                    "parentUUID": "eca0adfe-10fe-4807-abb7-63ce9dbd9212",
                    "skipped": false
                  }
                ],
                "pending": [],
                "root": false,
                "_timeout": 70000,
                "file": "/test/Test-Instant-Meeting.js",
                "uuid": "eca0adfe-10fe-4807-abb7-63ce9dbd9212",
                "fullFile": "/Users/octoblu/Projects/Octoblu/test-smart-spaces/test/Test-Instant-Meeting.js",
                "passes": [
                  {
                    "title": "Should verify inSkype is false",
                    "fullTitle": "Verify Skype functionality: Verify that Skype is Ending successfully Should verify inSkype is false",
                    "timedOut": false,
                    "duration": 0,
                    "state": "passed",
                    "speed": "fast",
                    "pass": true,
                    "fail": false,
                    "pending": false,
                    "code": "expect(skypeRoomState).to.be.false",
                    "err": {},
                    "isRoot": false,
                    "uuid": "89451e41-d854-451f-b5cc-a4ce178bb9e7",
                    "parentUUID": "eca0adfe-10fe-4807-abb7-63ce9dbd9212",
                    "skipped": false
                  }
                ],
                "failures": [],
                "skipped": [],
                "hasTests": true,
                "hasSuites": false,
                "totalTests": 1,
                "totalPasses": 1,
                "totalFailures": 0,
                "totalPending": 0,
                "totalSkipped": 0,
                "hasPasses": true,
                "hasFailures": false,
                "hasPending": false,
                "hasSkipped": false,
                "duration": 0
              }
            ],
            "tests": [],
            "pending": [],
            "root": false,
            "_timeout": 70000,
            "file": "/test/Test-Instant-Meeting.js",
            "uuid": "9ab5a2e7-1a0a-4a29-9712-41606f890349",
            "fullFile": "/Users/octoblu/Projects/Octoblu/test-smart-spaces/test/Test-Instant-Meeting.js",
            "passes": [],
            "failures": [],
            "skipped": [],
            "hasTests": false,
            "hasSuites": true,
            "totalTests": 0,
            "totalPasses": 0,
            "totalFailures": 0,
            "totalPending": 0,
            "totalSkipped": 0,
            "hasPasses": false,
            "hasFailures": false,
            "hasPending": false,
            "hasSkipped": false,
            "duration": 0
          },
          {
            "title": "Verify that Meeting is Ending successfully",
            "suites": [],
            "tests": [
              {
                "title": "Should verify that currentMeeting in room does not exists",
                "fullTitle": "Instant meeting with Skype: Verify that Meeting is Ending successfully Should verify that currentMeeting in room does not exists",
                "timedOut": false,
                "duration": 0,
                "state": "passed",
                "speed": "fast",
                "pass": true,
                "fail": false,
                "pending": false,
                "code": "expect(roomState.currentMeeting).to.not.exist",
                "err": {},
                "isRoot": false,
                "uuid": "6f7137b8-6ee1-4c02-a74f-23261a392d4d",
                "parentUUID": "351dd402-4cd5-4587-899f-26feb619c27a",
                "skipped": false
              },
              {
                "title": "Should verify that meetingUrl in room does not exists",
                "fullTitle": "Instant meeting with Skype: Verify that Meeting is Ending successfully Should verify that meetingUrl in room does not exists",
                "timedOut": false,
                "duration": 0,
                "state": "passed",
                "speed": "fast",
                "pass": true,
                "fail": false,
                "pending": false,
                "code": "expect(roomState.meetingUrl).to.not.exist",
                "err": {},
                "isRoot": false,
                "uuid": "d4bff092-e7f2-4f3c-9fb4-abd9320b8201",
                "parentUUID": "351dd402-4cd5-4587-899f-26feb619c27a",
                "skipped": false
              },
              {
                "title": "Should that inSkype property of room is set to false",
                "fullTitle": "Instant meeting with Skype: Verify that Meeting is Ending successfully Should that inSkype property of room is set to false",
                "timedOut": false,
                "duration": 0,
                "state": "passed",
                "speed": "fast",
                "pass": true,
                "fail": false,
                "pending": false,
                "code": "expect(roomState.inSkype).to.be.false",
                "err": {},
                "isRoot": false,
                "uuid": "44a862c1-44e7-47f8-a7be-7cadcd70ff10",
                "parentUUID": "351dd402-4cd5-4587-899f-26feb619c27a",
                "skipped": false
              }
            ],
            "pending": [],
            "root": false,
            "_timeout": 70000,
            "file": "/test/Test-Instant-Meeting.js",
            "uuid": "351dd402-4cd5-4587-899f-26feb619c27a",
            "fullFile": "/Users/octoblu/Projects/Octoblu/test-smart-spaces/test/Test-Instant-Meeting.js",
            "passes": [
              {
                "title": "Should verify that currentMeeting in room does not exists",
                "fullTitle": "Instant meeting with Skype: Verify that Meeting is Ending successfully Should verify that currentMeeting in room does not exists",
                "timedOut": false,
                "duration": 0,
                "state": "passed",
                "speed": "fast",
                "pass": true,
                "fail": false,
                "pending": false,
                "code": "expect(roomState.currentMeeting).to.not.exist",
                "err": {},
                "isRoot": false,
                "uuid": "6f7137b8-6ee1-4c02-a74f-23261a392d4d",
                "parentUUID": "351dd402-4cd5-4587-899f-26feb619c27a",
                "skipped": false
              },
              {
                "title": "Should verify that meetingUrl in room does not exists",
                "fullTitle": "Instant meeting with Skype: Verify that Meeting is Ending successfully Should verify that meetingUrl in room does not exists",
                "timedOut": false,
                "duration": 0,
                "state": "passed",
                "speed": "fast",
                "pass": true,
                "fail": false,
                "pending": false,
                "code": "expect(roomState.meetingUrl).to.not.exist",
                "err": {},
                "isRoot": false,
                "uuid": "d4bff092-e7f2-4f3c-9fb4-abd9320b8201",
                "parentUUID": "351dd402-4cd5-4587-899f-26feb619c27a",
                "skipped": false
              },
              {
                "title": "Should that inSkype property of room is set to false",
                "fullTitle": "Instant meeting with Skype: Verify that Meeting is Ending successfully Should that inSkype property of room is set to false",
                "timedOut": false,
                "duration": 0,
                "state": "passed",
                "speed": "fast",
                "pass": true,
                "fail": false,
                "pending": false,
                "code": "expect(roomState.inSkype).to.be.false",
                "err": {},
                "isRoot": false,
                "uuid": "44a862c1-44e7-47f8-a7be-7cadcd70ff10",
                "parentUUID": "351dd402-4cd5-4587-899f-26feb619c27a",
                "skipped": false
              }
            ],
            "failures": [],
            "skipped": [],
            "hasTests": true,
            "hasSuites": false,
            "totalTests": 3,
            "totalPasses": 3,
            "totalFailures": 0,
            "totalPending": 0,
            "totalSkipped": 0,
            "hasPasses": true,
            "hasFailures": false,
            "hasPending": false,
            "hasSkipped": false,
            "duration": 0
          }
        ],
        "tests": [],
        "pending": [],
        "root": false,
        "_timeout": 70000,
        "file": "/test/Test-Instant-Meeting.js",
        "uuid": "99a75ec1-224c-40c8-9ba3-3b530a1329a1",
        "fullFile": "/Users/octoblu/Projects/Octoblu/test-smart-spaces/test/Test-Instant-Meeting.js",
        "passes": [],
        "failures": [],
        "skipped": [],
        "hasTests": false,
        "hasSuites": true,
        "totalTests": 0,
        "totalPasses": 0,
        "totalFailures": 0,
        "totalPending": 0,
        "totalSkipped": 0,
        "hasPasses": false,
        "hasFailures": false,
        "hasPending": false,
        "hasSkipped": false,
        "duration": 0
      }
    ],
    "tests": [],
    "pending": [],
    "root": true,
    "_timeout": 2000,
    "uuid": "d2955005-a3c9-40c6-b86e-1bf82a97e44b",
    "fullFile": "",
    "file": "",
    "passes": [],
    "failures": [],
    "skipped": [],
    "hasTests": false,
    "hasSuites": true,
    "totalTests": 0,
    "totalPasses": 0,
    "totalFailures": 0,
    "totalPending": 0,
    "totalSkipped": 0,
    "hasPasses": false,
    "hasFailures": false,
    "hasPending": false,
    "hasSkipped": false,
    "duration": 0,
    "rootEmpty": true
  },
  "allTests": [
    {
      "title": "Should verify that currentMeeting in room exists",
      "fullTitle": "Verify Instant Meeting is created successfully Should verify that currentMeeting in room exists",
      "timedOut": false,
      "duration": 0,
      "state": "passed",
      "speed": "fast",
      "pass": true,
      "fail": false,
      "pending": false,
      "code": "expect(roomState.currentMeeting).to.exist",
      "err": {},
      "isRoot": false,
      "uuid": "82093a1b-1f4c-40e5-924a-2cdd843cfdcf",
      "parentUUID": "0ccd41ca-bbbe-429c-8720-daf4dac0605a",
      "skipped": false
    },
    {
      "title": "Should verify that meetingUrl in room exists",
      "fullTitle": "Verify Instant Meeting is created successfully Should verify that meetingUrl in room exists",
      "timedOut": false,
      "duration": 0,
      "state": "passed",
      "speed": "fast",
      "pass": true,
      "fail": false,
      "pending": false,
      "code": "expect(roomState.meetingUrl).to.exist",
      "err": {},
      "isRoot": false,
      "uuid": "c67dc9f6-5bf6-44eb-9014-2219fd5e7e61",
      "parentUUID": "0ccd41ca-bbbe-429c-8720-daf4dac0605a",
      "skipped": false
    },
    {
      "title": "Should verify that inSkype property of room is set to false",
      "fullTitle": "Verify Instant Meeting is created successfully Should verify that inSkype property of room is set to false",
      "timedOut": false,
      "duration": 0,
      "state": "passed",
      "speed": "fast",
      "pass": true,
      "fail": false,
      "pending": false,
      "code": "expect(roomState.inSkype).to.be.false",
      "err": {},
      "isRoot": false,
      "uuid": "93aaa49e-a0cb-4267-a594-abf3c40ec7ac",
      "parentUUID": "0ccd41ca-bbbe-429c-8720-daf4dac0605a",
      "skipped": false
    },
    {
      "title": "Should verify that the meeting subject is set to Instant Meeting",
      "fullTitle": "Verify Instant Meeting is created successfully Should verify that the meeting subject is set to Instant Meeting",
      "timedOut": false,
      "duration": 0,
      "state": "passed",
      "speed": "fast",
      "pass": true,
      "fail": false,
      "pending": false,
      "code": "expect(roomState.subject).to.equal('Instant Meeting')",
      "err": {},
      "isRoot": false,
      "uuid": "f59c77a7-ed58-4102-ab03-3361f6bd05d6",
      "parentUUID": "0ccd41ca-bbbe-429c-8720-daf4dac0605a",
      "skipped": false
    },
    {
      "title": "Should verify that light color changes to red",
      "fullTitle": "Verify Instant Meeting is created successfully Should verify that light color changes to red",
      "timedOut": false,
      "duration": 0,
      "state": "passed",
      "speed": "fast",
      "pass": true,
      "fail": false,
      "pending": false,
      "code": "expect(actualColor).to.equal('Red')",
      "err": {},
      "isRoot": false,
      "uuid": "68ed9f56-025f-4413-9936-8db8fa0c9996",
      "parentUUID": "0ccd41ca-bbbe-429c-8720-daf4dac0605a",
      "skipped": false
    },
    {
      "title": "Should verify that currentMeeting in room does not exists",
      "fullTitle": "Verify that Meeting is Ending successfully Should verify that currentMeeting in room does not exists",
      "timedOut": false,
      "duration": 0,
      "state": "passed",
      "speed": "fast",
      "pass": true,
      "fail": false,
      "pending": false,
      "code": "expect(roomState.currentMeeting).to.not.exist",
      "err": {},
      "isRoot": false,
      "uuid": "a01d7470-ffd6-40ad-bae6-c4abe94febe5",
      "parentUUID": "5d3aff8c-8f8d-4242-a968-91c2011e7bfc",
      "skipped": false
    },
    {
      "title": "Should verify that meetingUrl in room does not exists",
      "fullTitle": "Verify that Meeting is Ending successfully Should verify that meetingUrl in room does not exists",
      "timedOut": false,
      "duration": 0,
      "state": "passed",
      "speed": "fast",
      "pass": true,
      "fail": false,
      "pending": false,
      "code": "expect(roomState.meetingUrl).to.not.exist",
      "err": {},
      "isRoot": false,
      "uuid": "c8a5e631-ad4e-4237-bef3-1441d63af171",
      "parentUUID": "5d3aff8c-8f8d-4242-a968-91c2011e7bfc",
      "skipped": false
    },
    {
      "title": "Should that inSkype property of room is set to false",
      "fullTitle": "Verify that Meeting is Ending successfully Should that inSkype property of room is set to false",
      "timedOut": false,
      "duration": 0,
      "state": "passed",
      "speed": "fast",
      "pass": true,
      "fail": false,
      "pending": false,
      "code": "expect(roomState.inSkype).to.be.false",
      "err": {},
      "isRoot": false,
      "uuid": "8b4da444-9921-4709-8656-ad3a8f675b84",
      "parentUUID": "5d3aff8c-8f8d-4242-a968-91c2011e7bfc",
      "skipped": false
    },
    {
      "title": "Should verify that currentMeeting in room exists",
      "fullTitle": "Verify Instant Meeting is created successfully Should verify that currentMeeting in room exists",
      "timedOut": false,
      "duration": 1,
      "state": "passed",
      "speed": "slow",
      "pass": true,
      "fail": false,
      "pending": false,
      "code": "expect(roomState.currentMeeting).to.exist",
      "err": {},
      "isRoot": false,
      "uuid": "cb354ba6-52b7-44d1-b28c-35d2bbc9d698",
      "parentUUID": "dcf3b312-17c8-43b4-83e2-5848f481c283",
      "skipped": false
    },
    {
      "title": "Should verify that meetingUrl in room exists",
      "fullTitle": "Verify Instant Meeting is created successfully Should verify that meetingUrl in room exists",
      "timedOut": false,
      "duration": 0,
      "state": "passed",
      "speed": "fast",
      "pass": true,
      "fail": false,
      "pending": false,
      "code": "expect(roomState.meetingUrl).to.exist",
      "err": {},
      "isRoot": false,
      "uuid": "c8f70f14-1cb7-402e-bedb-55d58567150b",
      "parentUUID": "dcf3b312-17c8-43b4-83e2-5848f481c283",
      "skipped": false
    },
    {
      "title": "Should verify that inSkype property of room is set to false",
      "fullTitle": "Verify Instant Meeting is created successfully Should verify that inSkype property of room is set to false",
      "timedOut": false,
      "duration": 0,
      "state": "passed",
      "speed": "fast",
      "pass": true,
      "fail": false,
      "pending": false,
      "code": "expect(roomState.inSkype).to.be.false",
      "err": {},
      "isRoot": false,
      "uuid": "25083ab6-ec2b-40d7-8c62-d2244fb74275",
      "parentUUID": "dcf3b312-17c8-43b4-83e2-5848f481c283",
      "skipped": false
    },
    {
      "title": "Should verify that the meeting subject is set to Instant Meeting",
      "fullTitle": "Verify Instant Meeting is created successfully Should verify that the meeting subject is set to Instant Meeting",
      "timedOut": false,
      "duration": 0,
      "state": "passed",
      "speed": "fast",
      "pass": true,
      "fail": false,
      "pending": false,
      "code": "expect(roomState.subject).to.equal('Instant Meeting')",
      "err": {},
      "isRoot": false,
      "uuid": "1949a300-848f-47b8-9861-e1aa59da69f9",
      "parentUUID": "dcf3b312-17c8-43b4-83e2-5848f481c283",
      "skipped": false
    },
    {
      "title": "Should verify that light color changes to red",
      "fullTitle": "Verify Instant Meeting is created successfully Should verify that light color changes to red",
      "timedOut": false,
      "duration": 0,
      "state": "passed",
      "speed": "fast",
      "pass": true,
      "fail": false,
      "pending": false,
      "code": "expect(actualColor).to.equal('Red')",
      "err": {},
      "isRoot": false,
      "uuid": "f581623d-d09e-46d4-b663-9760fb36f0b2",
      "parentUUID": "dcf3b312-17c8-43b4-83e2-5848f481c283",
      "skipped": false
    },
    {
      "title": "Should verify that inSkype property of room is set to true",
      "fullTitle": "Verify that Skype starts successfully Should verify that inSkype property of room is set to true",
      "timedOut": false,
      "duration": 0,
      "state": "passed",
      "speed": "fast",
      "pass": true,
      "fail": false,
      "pending": false,
      "code": "expect(skypeRoomState).to.be.true",
      "err": {},
      "isRoot": false,
      "uuid": "1229b775-edcb-4c4f-a698-7a4dfb35c79f",
      "parentUUID": "b4b4a611-8c2c-4194-b958-8ed1a3008943",
      "skipped": false
    },
    {
      "title": "Should verify that audio is enabled",
      "fullTitle": "Verify that Skype starts successfully Should verify that audio is enabled",
      "timedOut": false,
      "duration": 0,
      "state": "passed",
      "speed": "fast",
      "pass": true,
      "fail": false,
      "pending": false,
      "code": "expect(actualAVState.audio).to.be.true",
      "err": {},
      "isRoot": false,
      "uuid": "343054a3-de2a-4201-8cd0-74eb70e97e89",
      "parentUUID": "b4b4a611-8c2c-4194-b958-8ed1a3008943",
      "skipped": false
    },
    {
      "title": "Should verify that video is enabled",
      "fullTitle": "Verify that Skype starts successfully Should verify that video is enabled",
      "timedOut": false,
      "duration": 0,
      "state": "passed",
      "speed": "fast",
      "pass": true,
      "fail": false,
      "pending": false,
      "code": "expect(actualAVState.video).to.be.true",
      "err": {},
      "isRoot": false,
      "uuid": "cbd75750-03c3-413e-a1f2-c51842186166",
      "parentUUID": "b4b4a611-8c2c-4194-b958-8ed1a3008943",
      "skipped": false
    },
    {
      "title": "Should verify inSkype is false",
      "fullTitle": "Verify that Skype is Ending successfully Should verify inSkype is false",
      "timedOut": false,
      "duration": 0,
      "state": "passed",
      "speed": "fast",
      "pass": true,
      "fail": false,
      "pending": false,
      "code": "expect(skypeRoomState).to.be.false",
      "err": {},
      "isRoot": false,
      "uuid": "89451e41-d854-451f-b5cc-a4ce178bb9e7",
      "parentUUID": "eca0adfe-10fe-4807-abb7-63ce9dbd9212",
      "skipped": false
    },
    {
      "title": "Should verify that currentMeeting in room does not exists",
      "fullTitle": "Verify that Meeting is Ending successfully Should verify that currentMeeting in room does not exists",
      "timedOut": false,
      "duration": 0,
      "state": "passed",
      "speed": "fast",
      "pass": true,
      "fail": false,
      "pending": false,
      "code": "expect(roomState.currentMeeting).to.not.exist",
      "err": {},
      "isRoot": false,
      "uuid": "6f7137b8-6ee1-4c02-a74f-23261a392d4d",
      "parentUUID": "351dd402-4cd5-4587-899f-26feb619c27a",
      "skipped": false
    },
    {
      "title": "Should verify that meetingUrl in room does not exists",
      "fullTitle": "Verify that Meeting is Ending successfully Should verify that meetingUrl in room does not exists",
      "timedOut": false,
      "duration": 0,
      "state": "passed",
      "speed": "fast",
      "pass": true,
      "fail": false,
      "pending": false,
      "code": "expect(roomState.meetingUrl).to.not.exist",
      "err": {},
      "isRoot": false,
      "uuid": "d4bff092-e7f2-4f3c-9fb4-abd9320b8201",
      "parentUUID": "351dd402-4cd5-4587-899f-26feb619c27a",
      "skipped": false
    },
    {
      "title": "Should that inSkype property of room is set to false",
      "fullTitle": "Verify that Meeting is Ending successfully Should that inSkype property of room is set to false",
      "timedOut": false,
      "duration": 0,
      "state": "passed",
      "speed": "fast",
      "pass": true,
      "fail": false,
      "pending": false,
      "code": "expect(roomState.inSkype).to.be.false",
      "err": {},
      "isRoot": false,
      "uuid": "44a862c1-44e7-47f8-a7be-7cadcd70ff10",
      "parentUUID": "351dd402-4cd5-4587-899f-26feb619c27a",
      "skipped": false
    }
  ],
  "allPending": [],
  "allPasses": [
    {
      "title": "Should verify that currentMeeting in room exists",
      "fullTitle": "Verify Instant Meeting is created successfully Should verify that currentMeeting in room exists",
      "timedOut": false,
      "duration": 0,
      "state": "passed",
      "speed": "fast",
      "pass": true,
      "fail": false,
      "pending": false,
      "code": "expect(roomState.currentMeeting).to.exist",
      "err": {},
      "isRoot": false,
      "uuid": "82093a1b-1f4c-40e5-924a-2cdd843cfdcf",
      "parentUUID": "0ccd41ca-bbbe-429c-8720-daf4dac0605a",
      "skipped": false
    },
    {
      "title": "Should verify that meetingUrl in room exists",
      "fullTitle": "Verify Instant Meeting is created successfully Should verify that meetingUrl in room exists",
      "timedOut": false,
      "duration": 0,
      "state": "passed",
      "speed": "fast",
      "pass": true,
      "fail": false,
      "pending": false,
      "code": "expect(roomState.meetingUrl).to.exist",
      "err": {},
      "isRoot": false,
      "uuid": "c67dc9f6-5bf6-44eb-9014-2219fd5e7e61",
      "parentUUID": "0ccd41ca-bbbe-429c-8720-daf4dac0605a",
      "skipped": false
    },
    {
      "title": "Should verify that inSkype property of room is set to false",
      "fullTitle": "Verify Instant Meeting is created successfully Should verify that inSkype property of room is set to false",
      "timedOut": false,
      "duration": 0,
      "state": "passed",
      "speed": "fast",
      "pass": true,
      "fail": false,
      "pending": false,
      "code": "expect(roomState.inSkype).to.be.false",
      "err": {},
      "isRoot": false,
      "uuid": "93aaa49e-a0cb-4267-a594-abf3c40ec7ac",
      "parentUUID": "0ccd41ca-bbbe-429c-8720-daf4dac0605a",
      "skipped": false
    },
    {
      "title": "Should verify that the meeting subject is set to Instant Meeting",
      "fullTitle": "Verify Instant Meeting is created successfully Should verify that the meeting subject is set to Instant Meeting",
      "timedOut": false,
      "duration": 0,
      "state": "passed",
      "speed": "fast",
      "pass": true,
      "fail": false,
      "pending": false,
      "code": "expect(roomState.subject).to.equal('Instant Meeting')",
      "err": {},
      "isRoot": false,
      "uuid": "f59c77a7-ed58-4102-ab03-3361f6bd05d6",
      "parentUUID": "0ccd41ca-bbbe-429c-8720-daf4dac0605a",
      "skipped": false
    },
    {
      "title": "Should verify that light color changes to red",
      "fullTitle": "Verify Instant Meeting is created successfully Should verify that light color changes to red",
      "timedOut": false,
      "duration": 0,
      "state": "passed",
      "speed": "fast",
      "pass": true,
      "fail": false,
      "pending": false,
      "code": "expect(actualColor).to.equal('Red')",
      "err": {},
      "isRoot": false,
      "uuid": "68ed9f56-025f-4413-9936-8db8fa0c9996",
      "parentUUID": "0ccd41ca-bbbe-429c-8720-daf4dac0605a",
      "skipped": false
    },
    {
      "title": "Should verify that currentMeeting in room does not exists",
      "fullTitle": "Verify that Meeting is Ending successfully Should verify that currentMeeting in room does not exists",
      "timedOut": false,
      "duration": 0,
      "state": "passed",
      "speed": "fast",
      "pass": true,
      "fail": false,
      "pending": false,
      "code": "expect(roomState.currentMeeting).to.not.exist",
      "err": {},
      "isRoot": false,
      "uuid": "a01d7470-ffd6-40ad-bae6-c4abe94febe5",
      "parentUUID": "5d3aff8c-8f8d-4242-a968-91c2011e7bfc",
      "skipped": false
    },
    {
      "title": "Should verify that meetingUrl in room does not exists",
      "fullTitle": "Verify that Meeting is Ending successfully Should verify that meetingUrl in room does not exists",
      "timedOut": false,
      "duration": 0,
      "state": "passed",
      "speed": "fast",
      "pass": true,
      "fail": false,
      "pending": false,
      "code": "expect(roomState.meetingUrl).to.not.exist",
      "err": {},
      "isRoot": false,
      "uuid": "c8a5e631-ad4e-4237-bef3-1441d63af171",
      "parentUUID": "5d3aff8c-8f8d-4242-a968-91c2011e7bfc",
      "skipped": false
    },
    {
      "title": "Should that inSkype property of room is set to false",
      "fullTitle": "Verify that Meeting is Ending successfully Should that inSkype property of room is set to false",
      "timedOut": false,
      "duration": 0,
      "state": "passed",
      "speed": "fast",
      "pass": true,
      "fail": false,
      "pending": false,
      "code": "expect(roomState.inSkype).to.be.false",
      "err": {},
      "isRoot": false,
      "uuid": "8b4da444-9921-4709-8656-ad3a8f675b84",
      "parentUUID": "5d3aff8c-8f8d-4242-a968-91c2011e7bfc",
      "skipped": false
    },
    {
      "title": "Should verify that currentMeeting in room exists",
      "fullTitle": "Verify Instant Meeting is created successfully Should verify that currentMeeting in room exists",
      "timedOut": false,
      "duration": 1,
      "state": "passed",
      "speed": "slow",
      "pass": true,
      "fail": false,
      "pending": false,
      "code": "expect(roomState.currentMeeting).to.exist",
      "err": {},
      "isRoot": false,
      "uuid": "cb354ba6-52b7-44d1-b28c-35d2bbc9d698",
      "parentUUID": "dcf3b312-17c8-43b4-83e2-5848f481c283",
      "skipped": false
    },
    {
      "title": "Should verify that meetingUrl in room exists",
      "fullTitle": "Verify Instant Meeting is created successfully Should verify that meetingUrl in room exists",
      "timedOut": false,
      "duration": 0,
      "state": "passed",
      "speed": "fast",
      "pass": true,
      "fail": false,
      "pending": false,
      "code": "expect(roomState.meetingUrl).to.exist",
      "err": {},
      "isRoot": false,
      "uuid": "c8f70f14-1cb7-402e-bedb-55d58567150b",
      "parentUUID": "dcf3b312-17c8-43b4-83e2-5848f481c283",
      "skipped": false
    },
    {
      "title": "Should verify that inSkype property of room is set to false",
      "fullTitle": "Verify Instant Meeting is created successfully Should verify that inSkype property of room is set to false",
      "timedOut": false,
      "duration": 0,
      "state": "passed",
      "speed": "fast",
      "pass": true,
      "fail": false,
      "pending": false,
      "code": "expect(roomState.inSkype).to.be.false",
      "err": {},
      "isRoot": false,
      "uuid": "25083ab6-ec2b-40d7-8c62-d2244fb74275",
      "parentUUID": "dcf3b312-17c8-43b4-83e2-5848f481c283",
      "skipped": false
    },
    {
      "title": "Should verify that the meeting subject is set to Instant Meeting",
      "fullTitle": "Verify Instant Meeting is created successfully Should verify that the meeting subject is set to Instant Meeting",
      "timedOut": false,
      "duration": 0,
      "state": "passed",
      "speed": "fast",
      "pass": true,
      "fail": false,
      "pending": false,
      "code": "expect(roomState.subject).to.equal('Instant Meeting')",
      "err": {},
      "isRoot": false,
      "uuid": "1949a300-848f-47b8-9861-e1aa59da69f9",
      "parentUUID": "dcf3b312-17c8-43b4-83e2-5848f481c283",
      "skipped": false
    },
    {
      "title": "Should verify that light color changes to red",
      "fullTitle": "Verify Instant Meeting is created successfully Should verify that light color changes to red",
      "timedOut": false,
      "duration": 0,
      "state": "passed",
      "speed": "fast",
      "pass": true,
      "fail": false,
      "pending": false,
      "code": "expect(actualColor).to.equal('Red')",
      "err": {},
      "isRoot": false,
      "uuid": "f581623d-d09e-46d4-b663-9760fb36f0b2",
      "parentUUID": "dcf3b312-17c8-43b4-83e2-5848f481c283",
      "skipped": false
    },
    {
      "title": "Should verify that inSkype property of room is set to true",
      "fullTitle": "Verify that Skype starts successfully Should verify that inSkype property of room is set to true",
      "timedOut": false,
      "duration": 0,
      "state": "passed",
      "speed": "fast",
      "pass": true,
      "fail": false,
      "pending": false,
      "code": "expect(skypeRoomState).to.be.true",
      "err": {},
      "isRoot": false,
      "uuid": "1229b775-edcb-4c4f-a698-7a4dfb35c79f",
      "parentUUID": "b4b4a611-8c2c-4194-b958-8ed1a3008943",
      "skipped": false
    },
    {
      "title": "Should verify that audio is enabled",
      "fullTitle": "Verify that Skype starts successfully Should verify that audio is enabled",
      "timedOut": false,
      "duration": 0,
      "state": "passed",
      "speed": "fast",
      "pass": true,
      "fail": false,
      "pending": false,
      "code": "expect(actualAVState.audio).to.be.true",
      "err": {},
      "isRoot": false,
      "uuid": "343054a3-de2a-4201-8cd0-74eb70e97e89",
      "parentUUID": "b4b4a611-8c2c-4194-b958-8ed1a3008943",
      "skipped": false
    },
    {
      "title": "Should verify that video is enabled",
      "fullTitle": "Verify that Skype starts successfully Should verify that video is enabled",
      "timedOut": false,
      "duration": 0,
      "state": "passed",
      "speed": "fast",
      "pass": true,
      "fail": false,
      "pending": false,
      "code": "expect(actualAVState.video).to.be.true",
      "err": {},
      "isRoot": false,
      "uuid": "cbd75750-03c3-413e-a1f2-c51842186166",
      "parentUUID": "b4b4a611-8c2c-4194-b958-8ed1a3008943",
      "skipped": false
    },
    {
      "title": "Should verify inSkype is false",
      "fullTitle": "Verify that Skype is Ending successfully Should verify inSkype is false",
      "timedOut": false,
      "duration": 0,
      "state": "passed",
      "speed": "fast",
      "pass": true,
      "fail": false,
      "pending": false,
      "code": "expect(skypeRoomState).to.be.false",
      "err": {},
      "isRoot": false,
      "uuid": "89451e41-d854-451f-b5cc-a4ce178bb9e7",
      "parentUUID": "eca0adfe-10fe-4807-abb7-63ce9dbd9212",
      "skipped": false
    },
    {
      "title": "Should verify that currentMeeting in room does not exists",
      "fullTitle": "Verify that Meeting is Ending successfully Should verify that currentMeeting in room does not exists",
      "timedOut": false,
      "duration": 0,
      "state": "passed",
      "speed": "fast",
      "pass": true,
      "fail": false,
      "pending": false,
      "code": "expect(roomState.currentMeeting).to.not.exist",
      "err": {},
      "isRoot": false,
      "uuid": "6f7137b8-6ee1-4c02-a74f-23261a392d4d",
      "parentUUID": "351dd402-4cd5-4587-899f-26feb619c27a",
      "skipped": false
    },
    {
      "title": "Should verify that meetingUrl in room does not exists",
      "fullTitle": "Verify that Meeting is Ending successfully Should verify that meetingUrl in room does not exists",
      "timedOut": false,
      "duration": 0,
      "state": "passed",
      "speed": "fast",
      "pass": true,
      "fail": false,
      "pending": false,
      "code": "expect(roomState.meetingUrl).to.not.exist",
      "err": {},
      "isRoot": false,
      "uuid": "d4bff092-e7f2-4f3c-9fb4-abd9320b8201",
      "parentUUID": "351dd402-4cd5-4587-899f-26feb619c27a",
      "skipped": false
    },
    {
      "title": "Should that inSkype property of room is set to false",
      "fullTitle": "Verify that Meeting is Ending successfully Should that inSkype property of room is set to false",
      "timedOut": false,
      "duration": 0,
      "state": "passed",
      "speed": "fast",
      "pass": true,
      "fail": false,
      "pending": false,
      "code": "expect(roomState.inSkype).to.be.false",
      "err": {},
      "isRoot": false,
      "uuid": "44a862c1-44e7-47f8-a7be-7cadcd70ff10",
      "parentUUID": "351dd402-4cd5-4587-899f-26feb619c27a",
      "skipped": false
    }
  ],
  "allFailures": [],
  "copyrightYear": 2017
}